1507535858375	geckodriver	INFO	geckodriver 0.19.0
1507535858390	geckodriver	INFO	Listening on 127.0.0.1:50284
1507535860481	mozrunner::runner	INFO	Running command: "C:\\Program Files\\Mozilla Firefox\\firefox.exe" "-marionette" "-profile" "C:\\Users\\S7799\\AppData\\Local\\Temp\\rust_mozprofile.UMLZtZ94yGTL"
1507535860724	addons.xpi	WARN	Error parsing extensions state: [Exception... "Component returned failure code: 0x80520012 (NS_ERROR_FILE_NOT_FOUND) [amIAddonManagerStartup.readStartupData]"  nsresult: "0x80520012 (NS_ERROR_FILE_NOT_FOUND)"  location: "JS frame :: resource://gre/modules/addons/XPIProvider.jsm :: loadExtensionState :: line 1554"  data: no] Stack trace: loadExtensionState()@resource://gre/modules/addons/XPIProvider.jsm:1554 < getInstallState()@resource://gre/modules/addons/XPIProvider.jsm:1589 < checkForChanges()@resource://gre/modules/addons/XPIProvider.jsm:3109 < startup()@resource://gre/modules/addons/XPIProvider.jsm:2188 < callProvider()@resource://gre/modules/AddonManager.jsm:269 < _startProvider()@resource://gre/modules/AddonManager.jsm:739 < startup()@resource://gre/modules/AddonManager.jsm:906 < startup()@resource://gre/modules/AddonManager.jsm:3090 < observe()@jar:file:///C:/Program%20Files/Mozilla%20Firefox/omni.ja!/components/addonManager.js:65
1507535861132	Marionette	INFO	Enabled via --marionette
Unable to read VR Path Registry from C:\Users\S7799\AppData\Local\openvr\openvrpaths.vrpath
[Child 9824] WARNING: pipe error: 109: file z:/build/build/src/ipc/chromium/src/chrome/common/ipc_channel_win.cc, line 346
[Child 9824] WARNING: pipe error: 109: file z:/build/build/src/ipc/chromium/src/chrome/common/ipc_channel_win.cc, line 346
1507535862827	Marionette	INFO	Listening on port 50290
1507535863604	Marionette	WARN	TLS certificate errors will be ignored for this session
1507535863644	Marionette	DEBUG	Register listener.js for window 6442450945
1507535863674	Marionette	DEBUG	Received DOM event "beforeunload" for "about:blank"
1507535863862	Marionette	DEBUG	Received DOM event "pagehide" for "about:blank"
1507535863862	Marionette	DEBUG	Received DOM event "unload" for "about:blank"
1507535864208	Marionette	DEBUG	Received DOM event "DOMContentLoaded" for "https://www.baidu.com/"
1507535864258	Marionette	DEBUG	Received DOM event "pageshow" for "https://www.baidu.com/"
1507535866579	addons.productaddons	WARN	Failed downloading via XHR, status: 0, reason: error
Unable to read VR Path Registry from C:\Users\S7799\AppData\Local\openvr\openvrpaths.vrpath
[Child 860] WARNING: pipe error: 109: file z:/build/build/src/ipc/chromium/src/chrome/common/ipc_channel_win.cc, line 346
1507535866582	addons.productaddons	WARN	Failed downloading via XHR, status: 0, reason: error
*** UTM:SVC TimerManager:registerTimer called after profile-before-change notification. Ignoring timer registration for id: telemetry_modules_ping

###!!! [Child][MessageChannel::SendAndWait] Error: Channel error: cannot send/recv

Unable to read VR Path Registry from C:\Users\S7799\AppData\Local\openvr\openvrpaths.vrpath
1507547995240	geckodriver	INFO	geckodriver 0.19.0
1507547995256	geckodriver	INFO	Listening on 127.0.0.1:54588
1507547997439	mozrunner::runner	INFO	Running command: "C:\\Program Files\\Mozilla Firefox\\firefox.exe" "-marionette" "-profile" "C:\\Users\\S7799\\AppData\\Local\\Temp\\rust_mozprofile.GB9yDxPEIvAG"
1507547998245	Marionette	INFO	Listening on port 2828
[Child 1192] WARNING: pipe error: 109: file c:/builds/moz2_slave/m-rel-w64-00000000000000000000/build/src/ipc/chromium/src/chrome/common/ipc_channel_win.cc, line 345
[Child 1192] WARNING: pipe error: 109: file c:/builds/moz2_slave/m-rel-w64-00000000000000000000/build/src/ipc/chromium/src/chrome/common/ipc_channel_win.cc, line 345
1507548067281	geckodriver	INFO	Listening on 127.0.0.1:54638
1507548069365	geckodriver::marionette	INFO	Starting browser \\?\C:\Program Files\Mozilla Firefox\firefox.exe with args ["-marionette"]
1507548069536	addons.manager	ERROR	startup failed: [Exception... "Component returned failure code: 0x80070057 (NS_ERROR_ILLEGAL_VALUE) [nsIFile.create]"  nsresult: "0x80070057 (NS_ERROR_ILLEGAL_VALUE)"  location: "JS frame :: resource://gre/modules/FileUtils.jsm :: FileUtils_getDir :: line 70"  data: no] Stack trace: FileUtils_getDir()@resource://gre/modules/FileUtils.jsm:70 < FileUtils_getFile()@resource://gre/modules/FileUtils.jsm:42 < AddonManagerInternal.validateBlocklist()@resource://gre/modules/AddonManager.jsm:700 < AddonManagerInternal.startup()@resource://gre/modules/AddonManager.jsm:870 < this.AddonManagerPrivate.startup()@resource://gre/modules/AddonManager.jsm:3033 < amManager.prototype.observe()@resource://gre/components/addonManager.js:65
JavaScript error: resource://gre/modules/AddonManager.jsm, line 1677: NS_ERROR_NOT_INITIALIZED: AddonManager is not initialized
1507548069983	Marionette	INFO	Listening on port 54646
1507548070410	Marionette	WARN	TLS certificate errors will be ignored for this session
JavaScript error: resource://gre/modules/AddonManager.jsm, line 2585: NS_ERROR_NOT_INITIALIZED: AddonManager is not initialized
JavaScript error: resource://gre/modules/FileUtils.jsm, line 70: NS_ERROR_ILLEGAL_VALUE: Component returned failure code: 0x80070057 (NS_ERROR_ILLEGAL_VALUE) [nsIFile.create]
JavaScript error: https://ss1.bdstatic.com/5eN1bjq8AAUYm2zgoY3K/r/www/cache/static/protocol/https/plugins/every_cookie_a70bc15.js, line 22: ReferenceError: c is not defined
1507548089297	Marionette	INFO	New connections will no longer be accepted
1507982502859	geckodriver	INFO	Listening on 127.0.0.1:56891
1507982504919	geckodriver::marionette	INFO	Starting browser \\?\C:\Program Files (x86)\Mozilla Firefox\firefox.exe with args ["-marionette"]
1507982505178	addons.manager	ERROR	startup failed: [Exception... "Component returned failure code: 0x80070057 (NS_ERROR_ILLEGAL_VALUE) [nsIFile.create]"  nsresult: "0x80070057 (NS_ERROR_ILLEGAL_VALUE)"  location: "JS frame :: resource://gre/modules/FileUtils.jsm :: FileUtils_getDir :: line 70"  data: no] Stack trace: FileUtils_getDir()@resource://gre/modules/FileUtils.jsm:70 < FileUtils_getFile()@resource://gre/modules/FileUtils.jsm:42 < AddonManagerInternal.validateBlocklist()@resource://gre/modules/AddonManager.jsm:700 < AddonManagerInternal.startup()@resource://gre/modules/AddonManager.jsm:870 < this.AddonManagerPrivate.startup()@resource://gre/modules/AddonManager.jsm:3033 < amManager.prototype.observe()@resource://gre/components/addonManager.js:65
JavaScript error: resource://gre/modules/AddonManager.jsm, line 1677: NS_ERROR_NOT_INITIALIZED: AddonManager is not initialized
1507982505704	Marionette	INFO	Listening on port 56905
1507982505974	Marionette	WARN	TLS certificate errors will be ignored for this session
JavaScript error: resource://gre/modules/AddonManager.jsm, line 2585: NS_ERROR_NOT_INITIALIZED: AddonManager is not initialized
JavaScript error: https://ss1.bdstatic.com/5eN1bjq8AAUYm2zgoY3K/r/www/cache/static/protocol/https/plugins/every_cookie_4644b13.js, line 4: ReferenceError: c is not defined
JavaScript error: resource://gre/modules/FileUtils.jsm, line 70: NS_ERROR_ILLEGAL_VALUE: Component returned failure code: 0x80070057 (NS_ERROR_ILLEGAL_VALUE) [nsIFile.create]
1507982509611	Marionette	INFO	New connections will no longer be accepted
